
Showing logs for build [32mcb-kubecd-environment-pr-195-30-bzrp4-1[0m stage [32mfrom-build-pack[0m and container [32mstep-credential-initializer-hj7w6[0m
{"level":"warn","ts":1586236194.6057277,"logger":"fallback-logger","caller":"logging/config.go:69","msg":"Fetch GitHub commit ID from kodata failed: \"ref: refs/heads/0.8.0-**-support-backwards-incompats\" is not a valid GitHub commit ID"}
{"level":"info","ts":1586236194.6063802,"logger":"fallback-logger","caller":"creds-init/main.go:40","msg":"Credentials initialized."}

Showing logs for build [32mcb-kubecd-environment-pr-195-30-bzrp4-1[0m stage [32mfrom-build-pack[0m and container [32mstep-working-dir-initializer-7ffkr[0m
{"level":"warn","ts":1586236195.6228921,"logger":"fallback-logger","caller":"logging/config.go:69","msg":"Fetch GitHub commit ID from kodata failed: open /var/run/ko/HEAD: no such file or directory"}
{"level":"info","ts":1586236195.6248043,"logger":"fallback-logger","caller":"bash/main.go:64","msg":"Successfully executed command \"sh -c mkdir -p /workspace/source\"; output "}

Showing logs for build [32mcb-kubecd-environment-pr-195-30-bzrp4-1[0m stage [32mfrom-build-pack[0m and container [32mstep-place-tools[0m

Showing logs for build [32mcb-kubecd-environment-pr-195-30-bzrp4-1[0m stage [32mfrom-build-pack[0m and container [32mstep-git-source-cb-kubecd-environment-pr-195-30-bzrp4-2xmlv[0m
{"level":"warn","ts":1586236198.8804014,"logger":"fallback-logger","caller":"logging/config.go:69","msg":"Fetch GitHub commit ID from kodata failed: \"ref: refs/heads/0.8.0-**-support-backwards-incompats\" is not a valid GitHub commit ID"}
{"level":"info","ts":1586236199.944861,"logger":"fallback-logger","caller":"git/git.go:103","msg":"Successfully cloned https://github.com/cb-kubecd/environment-pr-195-30-boot-gke-staging.git @ master in path /workspace/source"}

Showing logs for build [32mcb-kubecd-environment-pr-195-30-bzrp4-1[0m stage [32mfrom-build-pack[0m and container [32mstep-git-merge[0m
Using SHAs from PULL_REFS=master:3a27d79f2be132fba1274d66592fda211dd214ad,4:c65cdf151c8b99985d5313ebb6a5fe6e71995e9f
DEBUG: JX_LOG_LEVEL=error LC_ALL=C git fetch origin --unshallow c65cdf151c8b99985d5313ebb6a5fe6e71995e9f: 3a27d79f2be132fba1274d66592fda211dd214ad:
DEBUG: ran git fetch --unshallow origin c65cdf151c8b99985d5313ebb6a5fe6e71995e9f: 3a27d79f2be132fba1274d66592fda211dd214ad: in 
DEBUG: LC_ALL=C JX_LOG_LEVEL=error git branch
DEBUG: LC_ALL=C JX_LOG_LEVEL=error git checkout master
DEBUG: ran git checkout master in 
DEBUG: LC_ALL=C JX_LOG_LEVEL=error git reset --hard 3a27d79f2be132fba1274d66592fda211dd214ad
DEBUG: ran git reset --hard 3a27d79f2be132fba1274d66592fda211dd214ad in 
DEBUG: LC_ALL=C JX_LOG_LEVEL=error git clean -fd .
DEBUG: ran clean --force -d . in 
DEBUG: LC_ALL=C JX_LOG_LEVEL=error git merge c65cdf151c8b99985d5313ebb6a5fe6e71995e9f
DEBUG: ran git merge c65cdf151c8b99985d5313ebb6a5fe6e71995e9f in 
DEBUG: LC_ALL=C JX_LOG_LEVEL=error git log --format=%H%x1f%an%x1f%ae%x1f%cn%x1f%ce%x1f%s%n%b%x1e 3a27d79f2be132fba1274d66592fda211dd214ad..HEAD
Merged SHA c65cdf151c8b99985d5313ebb6a5fe6e71995e9f with commit message 'chore: Promote bdd-nh-1586234488 to version 0.0.1' into base branch master

Showing logs for build [32mcb-kubecd-environment-pr-195-30-bzrp4-1[0m stage [32mfrom-build-pack[0m and container [32mstep-build-helm-build[0m
WARNING: No $CHART_REPOSITORY defined so using the default value of: http://jenkins-x-chartmuseum:8080
Adding missing Helm repo: storage.googleapis.com https://storage.googleapis.com/chartmuseum.jenkins-x.io
WARNING: No secrets found on "helm/repos" due: reading the secret "helm/repos" from vault: no secret "helm/repos" not found in vault
Read credentials for https://storage.googleapis.com/chartmuseum.jenkins-x.io from vault helm/repos
Successfully added Helm repository storage.googleapis.com.
Adding missing Helm repo: jenkins-x-chartmuseum http://jenkins-x-chartmuseum:8080
WARNING: No secrets found on "helm/repos" due: reading the secret "helm/repos" from vault: no secret "helm/repos" not found in vault
Read credentials for http://jenkins-x-chartmuseum:8080 from vault helm/repos
Successfully added Helm repository jenkins-x-chartmuseum.
WARNING: No $CHART_REPOSITORY defined so using the default value of: http://jenkins-x-chartmuseum:8080
Adding missing Helm repo: chartmuseum.jenkins-x.io http://chartmuseum.jenkins-x.io
WARNING: No secrets found on "helm/repos" due: reading the secret "helm/repos" from vault: no secret "helm/repos" not found in vault
Read credentials for http://chartmuseum.jenkins-x.io from vault helm/repos
Successfully added Helm repository chartmuseum.jenkins-x.io.
